mktextfm Futura-CondensedMedium
mktextfm Futura-CondensedMedium
mktextfm Futura-CondensedMedium
mktextfm Futura-CondensedMedium/BI
mktextfm Futura-CondensedMedium
mktextfm Futura-CondensedMedium/B
mktextfm Futura-CondensedMedium
mktextfm Futura-CondensedMedium/I
mktextfm Futura-CondensedMedium
mktextfm Futura-CondensedMedium
mktextfm Futura-CondensedMedium
mktextfm Futura-CondensedMedium
mktextfm Futura-CondensedMedium
mktextfm Futura-CondensedMedium
mktextfm Futura-CondensedMedium
mktextfm Futura-CondensedMedium
mktextfm Futura-CondensedMedium
mktextfm Futura-CondensedMedium
mktextfm font/Futura-CondensedMedium
mktextfm font/Futura-CondensedMedium
mktextfm font/Futura-CondensedMedium
mktextfm font/Futura-CondensedMedium/BI
mktextfm font/Futura-CondensedMedium
mktextfm font/Futura-CondensedMedium/B
mktextfm font/Futura-CondensedMedium
mktextfm font/Futura-CondensedMedium/I
mktextfm font/Futura-CondensedMedium
mktextfm font/Futura-CondensedMedium
mktextfm ecss1095
